
Found perl:
   /Users/pfb01/miniconda3/bin/perl
   This is perl 5, version 34, subversion 0 (v5.34.0) built for darwin-thread-multi-2level

Found java:
   /Users/pfb01/miniconda3/bin/java
   openjdk version "11.0.13" 2021-10-19

Found canu:
   /Users/pfb01/problemsets/GenomeAssembly/canu-2.2/bin/canu
   canu 2.2

Running job 1 based on command line options.

Attempting to increase maximum allowed processes and open files.
  Changed max processes per user from 2784 to 2784 (max 4176).
./scripts/2-sort.sh: line 78: [: unlimited: integer expression expected
  Max open files limited to 256, no increase possible.


Finding overlaps.
  found     306460 overlaps in './ecoli.ovlStore.BUILDING/bucket0001/sliceSizes'.
  found      61394 overlaps in './ecoli.ovlStore.BUILDING/bucket0002/sliceSizes'.

Loading     367854 overlaps using 0.01 GB of allowed (-M) 1 GB memory.
  loading     306460 overlaps from './ecoli.ovlStore.BUILDING/bucket0001/slice0001'.
  loading      61394 overlaps from './ecoli.ovlStore.BUILDING/bucket0002/slice0001'.

Sorting.

Writing sorted overlaps.
  created './ecoli.ovlStore.BUILDING/0001' with 367854 overlaps for reads 1 to 12190.

Removing bucketized overlaps.

Success!
