
Found perl:
   /Users/pfb01/miniconda3/bin/perl
   This is perl 5, version 34, subversion 0 (v5.34.0) built for darwin-thread-multi-2level

Found java:
   /Users/pfb01/miniconda3/bin/java
   openjdk version "11.0.13" 2021-10-19

Found canu:
   /Users/pfb01/problemsets/GenomeAssembly/canu-2.2/bin/canu
   canu 2.2

Running job 2 based on command line options.
-- Using seqFile '../ecoli-60.ctgStore/partition.0002'.
-- Opening tigStore '../ecoli-60.ctgStore' version 1.
-- Opening output results file './ctgcns/0002.cns.WORKING'.
--
-- Computing consensus for b=0 to e=3 with errorRate 0.0750 (max 0.4000) and minimum overlap 500
--
Loading corrected-trimmed reads from seqFile '../ecoli-60.ctgStore/partition.0002'
Consensus finished successfully.

Bye.
                           ----------CONTAINED READS----------  -DOVETAIL  READS-
  tigID    length   reads      used coverage  ignored coverage      used coverage
------- --------- -------  -------- -------- -------- --------  -------- --------

Processed 0 tigs and 2 singletons.

